<?xml version="1.0" encoding="UTF-8"?>
<testng-results skipped="0" failed="1" total="1" passed="0">
  <reporter-output>
    <line>
      <![CDATA[<div "featureFile">Feature File: homepage.feature</div>]]>
    </line>
    <line>
      <![CDATA[<div "feature">Feature: Validating Hdfc Home page</div>]]>
    </line>
    <line>
      <![CDATA[<div "scenarioOutline">Scenario Outline: Verify HomePage</div>]]>
    </line>
    <line>
      <![CDATA[<div "scenario">Scenario Outline: Verify HomePage</div>]]>
    </line>
    <line>
      <![CDATA[<div "result">Given  I open &quot;&lt;browser&gt;&quot; browser (passed : 23s)</div>]]>
    </line>
    <line>
      <![CDATA[<div "result">When  I naviagte to &quot;&lt;url&gt;&quot; url (passed : 7s)</div>]]>
    </line>
    <line>
      <![CDATA[<div "result">And  I click ccicon and go to ccform page (passed : 3s)</div>]]>
    </line>
    <line>
      <![CDATA[<div "result">And  select twowheeler form page (passed : 0s)</div>]]>
    </line>
    <line>
      <![CDATA[<div "result">Given  I fill the details and calcuclate elegibility (passed : 14s)</div>]]>
    </line>
    <line>
      <![CDATA[<div "result">Given  I enter &quot;&lt;name&gt;&quot; into the name field (passed : 3s)</div>]]>
    </line>
    <line>
      <![CDATA[<div "result">Then  I enter &quot;&lt;mobile&gt;&quot; into the mobile number field (passed : 0s)</div>]]>
    </line>
    <line>
      <![CDATA[<div "result">And  I enter &quot;&lt;email&gt;&quot; into the email field (passed : 0s)</div>]]>
    </line>
    <line>
      <![CDATA[<div "result">Then  I click on submit button (passed : 8s)</div>]]>
    </line>
    <line>
      <![CDATA[<div "scenario">Scenario Outline: Verify HomePage</div>]]>
    </line>
    <line>
      <![CDATA[<div "result">Given  I open &quot;firefox&quot; browser (failed : 28s)</div>]]>
    </line>
    <line>
      <![CDATA[<div "result">When  I naviagte to &quot;http:&#x2F;&#x2F;www.hdfcbank.com&#x2F;&quot; url (skipped)</div>]]>
    </line>
    <line>
      <![CDATA[<div "result">And  I click ccicon and go to ccform page (skipped)</div>]]>
    </line>
    <line>
      <![CDATA[<div "result">And  select twowheeler form page (skipped)</div>]]>
    </line>
    <line>
      <![CDATA[<div "result">Given  I fill the details and calcuclate elegibility (skipped)</div>]]>
    </line>
    <line>
      <![CDATA[<div "result">Given  I enter &quot;vijay&quot; into the name field (skipped)</div>]]>
    </line>
    <line>
      <![CDATA[<div "result">Then  I enter &quot;77777777777&quot; into the mobile number field (skipped)</div>]]>
    </line>
    <line>
      <![CDATA[<div "result">And  I enter &quot;vijay@gmail.com&quot; into the email field (skipped)</div>]]>
    </line>
    <line>
      <![CDATA[<div "result">Then  I click on submit button (skipped)</div>]]>
    </line>
  </reporter-output>
  <suite name="Suite" duration-ms="91702" started-at="2016-12-02T06:41:25Z" finished-at="2016-12-02T06:42:57Z">
    <groups>
      <group name="cucumber">
        <method signature="AbstractTestNGCucumberTests.run_cukes()[pri:0, instance:com.cucumber.runner.SuiteRunner1@5d624da6]" name="run_cukes" class="cucumber.api.testng.AbstractTestNGCucumberTests"/>
      </group> <!-- cucumber -->
    </groups>
    <test name="Test" duration-ms="91702" started-at="2016-12-02T06:41:25Z" finished-at="2016-12-02T06:42:57Z">
      <class name="com.cucumber.runner.SuiteRunner1">
        <test-method status="FAIL" signature="run_cukes()[pri:0, instance:com.cucumber.runner.SuiteRunner1@5d624da6]" name="run_cukes" duration-ms="91614" started-at="2016-12-02T06:41:25Z" description="Runs Cucumber Features" finished-at="2016-12-02T06:42:57Z">
          <exception class="cucumber.runtime.CucumberException">
            <message>
              <![CDATA[org.openqa.selenium.WebDriverException: c is null
Command duration or timeout: 3.52 seconds
Build info: version: '2.53.1', revision: 'a36b8b1cd5757287168e54b817830adce9b0158d', time: '2016-06-30 19:26:09'
System info: host: 'DESKTOP-PCC37BG', ip: '192.168.0.4', os.name: 'Windows 10', os.arch: 'amd64', os.version: '10.0', java.version: '1.8.0_101'
Driver info: org.openqa.selenium.firefox.FirefoxDriver]]>
            </message>
            <full-stacktrace>
              <![CDATA[cucumber.runtime.CucumberException: org.openqa.selenium.WebDriverException: c is null
Command duration or timeout: 3.52 seconds
Build info: version: '2.53.1', revision: 'a36b8b1cd5757287168e54b817830adce9b0158d', time: '2016-06-30 19:26:09'
System info: host: 'DESKTOP-PCC37BG', ip: '192.168.0.4', os.name: 'Windows 10', os.arch: 'amd64', os.version: '10.0', java.version: '1.8.0_101'
Driver info: org.openqa.selenium.firefox.FirefoxDriver
	at cucumber.api.testng.TestNGCucumberRunner.runCukes(TestNGCucumberRunner.java:48)
	at cucumber.api.testng.AbstractTestNGCucumberTests.run_cukes(AbstractTestNGCucumberTests.java:14)
	at sun.reflect.NativeMethodAccessorImpl.invoke0(Native Method)
	at sun.reflect.NativeMethodAccessorImpl.invoke(NativeMethodAccessorImpl.java:62)
	at sun.reflect.DelegatingMethodAccessorImpl.invoke(DelegatingMethodAccessorImpl.java:43)
	at java.lang.reflect.Method.invoke(Method.java:498)
	at org.testng.internal.MethodInvocationHelper.invokeMethod(MethodInvocationHelper.java:80)
	at org.testng.internal.MethodInvocationHelper$1.runTestMethod(MethodInvocationHelper.java:182)
	at cucumber.api.testng.AbstractTestNGCucumberTests.run(AbstractTestNGCucumberTests.java:19)
	at sun.reflect.NativeMethodAccessorImpl.invoke0(Native Method)
	at sun.reflect.NativeMethodAccessorImpl.invoke(NativeMethodAccessorImpl.java:62)
	at sun.reflect.DelegatingMethodAccessorImpl.invoke(DelegatingMethodAccessorImpl.java:43)
	at java.lang.reflect.Method.invoke(Method.java:498)
	at org.testng.internal.MethodInvocationHelper.invokeHookable(MethodInvocationHelper.java:194)
	at org.testng.internal.Invoker.invokeMethod(Invoker.java:707)
	at org.testng.internal.Invoker.invokeTestMethod(Invoker.java:901)
	at org.testng.internal.Invoker.invokeTestMethods(Invoker.java:1231)
	at org.testng.internal.TestMethodWorker.invokeTestMethods(TestMethodWorker.java:127)
	at org.testng.internal.TestMethodWorker.run(TestMethodWorker.java:111)
	at org.testng.TestRunner.privateRun(TestRunner.java:767)
	at org.testng.TestRunner.run(TestRunner.java:617)
	at org.testng.SuiteRunner.runTest(SuiteRunner.java:334)
	at org.testng.SuiteRunner.runSequentially(SuiteRunner.java:329)
	at org.testng.SuiteRunner.privateRun(SuiteRunner.java:291)
	at org.testng.SuiteRunner.run(SuiteRunner.java:240)
	at org.testng.SuiteRunnerWorker.runSuite(SuiteRunnerWorker.java:52)
	at org.testng.SuiteRunnerWorker.run(SuiteRunnerWorker.java:86)
	at org.testng.TestNG.runSuitesSequentially(TestNG.java:1198)
	at org.testng.TestNG.runSuitesLocally(TestNG.java:1123)
	at org.testng.TestNG.run(TestNG.java:1031)
	at org.apache.maven.surefire.testng.TestNGExecutor.run(TestNGExecutor.java:281)
	at org.apache.maven.surefire.testng.TestNGXmlTestSuite.execute(TestNGXmlTestSuite.java:75)
	at org.apache.maven.surefire.testng.TestNGProvider.invoke(TestNGProvider.java:121)
	at org.apache.maven.surefire.booter.ForkedBooter.invokeProviderInSameClassLoader(ForkedBooter.java:290)
	at org.apache.maven.surefire.booter.ForkedBooter.runSuitesInProcess(ForkedBooter.java:242)
	at org.apache.maven.surefire.booter.ForkedBooter.main(ForkedBooter.java:121)
Caused by: org.openqa.selenium.WebDriverException: c is null
Command duration or timeout: 3.52 seconds
Build info: version: '2.53.1', revision: 'a36b8b1cd5757287168e54b817830adce9b0158d', time: '2016-06-30 19:26:09'
System info: host: 'DESKTOP-PCC37BG', ip: '192.168.0.4', os.name: 'Windows 10', os.arch: 'amd64', os.version: '10.0', java.version: '1.8.0_101'
Driver info: org.openqa.selenium.firefox.FirefoxDriver
	at sun.reflect.NativeConstructorAccessorImpl.newInstance0(Native Method)
	at sun.reflect.NativeConstructorAccessorImpl.newInstance(NativeConstructorAccessorImpl.java:62)
	at sun.reflect.DelegatingConstructorAccessorImpl.newInstance(DelegatingConstructorAccessorImpl.java:45)
	at java.lang.reflect.Constructor.newInstance(Constructor.java:423)
	at org.openqa.selenium.remote.ErrorHandler.createThrowable(ErrorHandler.java:206)
	at org.openqa.selenium.remote.ErrorHandler.throwIfResponseFailed(ErrorHandler.java:158)
	at org.openqa.selenium.remote.RemoteWebDriver.execute(RemoteWebDriver.java:678)
	at org.openqa.selenium.remote.RemoteWebDriver.startSession(RemoteWebDriver.java:249)
	at org.openqa.selenium.remote.RemoteWebDriver.<init>(RemoteWebDriver.java:131)
	at org.openqa.selenium.firefox.FirefoxDriver.<init>(FirefoxDriver.java:216)
	at org.openqa.selenium.firefox.FirefoxDriver.<init>(FirefoxDriver.java:211)
	at org.openqa.selenium.firefox.FirefoxDriver.<init>(FirefoxDriver.java:207)
	at org.openqa.selenium.firefox.FirefoxDriver.<init>(FirefoxDriver.java:120)
	at com.cucumber.base.AppBase.OpenBrowser(AppBase.java:19)
	at com.cucumber.testcases.StepDefinitions.i_open_browser(StepDefinitions.java:23)
	at âœ½.Given I open "firefox" browser(homepage.feature:5)
Caused by: org.openqa.selenium.WebDriverException: c is null
Build info: version: '2.53.1', revision: 'a36b8b1cd5757287168e54b817830adce9b0158d', time: '2016-06-30 19:26:09'
System info: host: 'DESKTOP-PCC37BG', ip: '192.168.0.4', os.name: 'Windows 10', os.arch: 'amd64', os.version: '10.0', java.version: '1.8.0_101'
Driver info: driver.version: unknown
	at <anonymous class>.nsCommandProcessor.prototype.newSession(file:///C:/Users/naveen/AppData/Local/Temp/anonymous9071168225470369119webdriver-profile/extensions/fxdriver@googlecode.com/components/command-processor.js:12802)
	at <anonymous class>.nsCommandProcessor.prototype.execute(file:///C:/Users/naveen/AppData/Local/Temp/anonymous9071168225470369119webdriver-profile/extensions/fxdriver@googlecode.com/components/command-processor.js:12694)
	at <anonymous class>.Dispatcher.executeAs/<(file:///C:/Users/naveen/AppData/Local/Temp/anonymous9071168225470369119webdriver-profile/extensions/fxdriver@googlecode.com/components/driver-component.js:9558)
	at <anonymous class>.Resource.prototype.handle(file:///C:/Users/naveen/AppData/Local/Temp/anonymous9071168225470369119webdriver-profile/extensions/fxdriver@googlecode.com/components/driver-component.js:9705)
	at <anonymous class>.Dispatcher.prototype.dispatch(file:///C:/Users/naveen/AppData/Local/Temp/anonymous9071168225470369119webdriver-profile/extensions/fxdriver@googlecode.com/components/driver-component.js:9652)
	at <anonymous class>.WebDriverServer/<.handle(file:///C:/Users/naveen/AppData/Local/Temp/anonymous9071168225470369119webdriver-profile/extensions/fxdriver@googlecode.com/components/driver-component.js:12517)
	at <anonymous class>.createHandlerFunc/<(file:///C:/Users/naveen/AppData/Local/Temp/anonymous9071168225470369119webdriver-profile/extensions/fxdriver@googlecode.com/components/httpd.js:2054)
	at <anonymous class>.ServerHandler.prototype.handleResponse(file:///C:/Users/naveen/AppData/Local/Temp/anonymous9071168225470369119webdriver-profile/extensions/fxdriver@googlecode.com/components/httpd.js:2387)
	at <anonymous class>.Connection.prototype.process(file:///C:/Users/naveen/AppData/Local/Temp/anonymous9071168225470369119webdriver-profile/extensions/fxdriver@googlecode.com/components/httpd.js:1223)
	at <anonymous class>.RequestReader.prototype._handleResponse(file:///C:/Users/naveen/AppData/Local/Temp/anonymous9071168225470369119webdriver-profile/extensions/fxdriver@googlecode.com/components/httpd.js:1677)
	at <anonymous class>.RequestReader.prototype._processBody(file:///C:/Users/naveen/AppData/Local/Temp/anonymous9071168225470369119webdriver-profile/extensions/fxdriver@googlecode.com/components/httpd.js:1525)
	at <anonymous class>.RequestReader.prototype.onInputStreamReady(file:///C:/Users/naveen/AppData/Local/Temp/anonymous9071168225470369119webdriver-profile/extensions/fxdriver@googlecode.com/components/httpd.js:1393)
]]>
            </full-stacktrace>
          </exception> <!-- cucumber.runtime.CucumberException -->
          <reporter-output>
            <line>
              <![CDATA[<div "featureFile">Feature File: homepage.feature</div>]]>
            </line>
            <line>
              <![CDATA[<div "feature">Feature: Validating Hdfc Home page</div>]]>
            </line>
            <line>
              <![CDATA[<div "scenarioOutline">Scenario Outline: Verify HomePage</div>]]>
            </line>
            <line>
              <![CDATA[<div "scenario">Scenario Outline: Verify HomePage</div>]]>
            </line>
            <line>
              <![CDATA[<div "result">Given  I open &quot;&lt;browser&gt;&quot; browser (passed : 23s)</div>]]>
            </line>
            <line>
              <![CDATA[<div "result">When  I naviagte to &quot;&lt;url&gt;&quot; url (passed : 7s)</div>]]>
            </line>
            <line>
              <![CDATA[<div "result">And  I click ccicon and go to ccform page (passed : 3s)</div>]]>
            </line>
            <line>
              <![CDATA[<div "result">And  select twowheeler form page (passed : 0s)</div>]]>
            </line>
            <line>
              <![CDATA[<div "result">Given  I fill the details and calcuclate elegibility (passed : 14s)</div>]]>
            </line>
            <line>
              <![CDATA[<div "result">Given  I enter &quot;&lt;name&gt;&quot; into the name field (passed : 3s)</div>]]>
            </line>
            <line>
              <![CDATA[<div "result">Then  I enter &quot;&lt;mobile&gt;&quot; into the mobile number field (passed : 0s)</div>]]>
            </line>
            <line>
              <![CDATA[<div "result">And  I enter &quot;&lt;email&gt;&quot; into the email field (passed : 0s)</div>]]>
            </line>
            <line>
              <![CDATA[<div "result">Then  I click on submit button (passed : 8s)</div>]]>
            </line>
            <line>
              <![CDATA[<div "scenario">Scenario Outline: Verify HomePage</div>]]>
            </line>
            <line>
              <![CDATA[<div "result">Given  I open &quot;firefox&quot; browser (failed : 28s)</div>]]>
            </line>
            <line>
              <![CDATA[<div "result">When  I naviagte to &quot;http:&#x2F;&#x2F;www.hdfcbank.com&#x2F;&quot; url (skipped)</div>]]>
            </line>
            <line>
              <![CDATA[<div "result">And  I click ccicon and go to ccform page (skipped)</div>]]>
            </line>
            <line>
              <![CDATA[<div "result">And  select twowheeler form page (skipped)</div>]]>
            </line>
            <line>
              <![CDATA[<div "result">Given  I fill the details and calcuclate elegibility (skipped)</div>]]>
            </line>
            <line>
              <![CDATA[<div "result">Given  I enter &quot;vijay&quot; into the name field (skipped)</div>]]>
            </line>
            <line>
              <![CDATA[<div "result">Then  I enter &quot;77777777777&quot; into the mobile number field (skipped)</div>]]>
            </line>
            <line>
              <![CDATA[<div "result">And  I enter &quot;vijay@gmail.com&quot; into the email field (skipped)</div>]]>
            </line>
            <line>
              <![CDATA[<div "result">Then  I click on submit button (skipped)</div>]]>
            </line>
          </reporter-output>
        </test-method> <!-- run_cukes -->
      </class> <!-- com.cucumber.runner.SuiteRunner1 -->
    </test> <!-- Test -->
  </suite> <!-- Suite -->
</testng-results>
